<?xml version="1.0" encoding="utf-8"?>
<test-run id="2" testcasecount="0" result="Passed" total="0" passed="0" failed="0" inconclusive="0" skipped="0" asserts="0" engine-version="3.5.0.0" clr-version="4.0.30319.42000" start-time="2023-12-20 09:34:58Z" end-time="2023-12-20 09:34:58Z" duration="0.0166572">
  <test-suite type="TestSuite" id="1004" name="SimpleTempleteProject" fullname="SimpleTempleteProject" runstate="Runnable" testcasecount="0" result="Passed" start-time="2023-12-20 09:34:58Z" end-time="2023-12-20 09:34:58Z" duration="0.016657" total="0" passed="0" failed="0" inconclusive="0" skipped="0" asserts="0">
    <properties />
  </test-suite>
</test-run>